
============= MEMWATCH 2.71 Copyright (C) 1992-1999 Johan Lindh =============

Started at Thu Aug 26 03:40:28 2004

Modes: __STDC__ 32-bit mwDWORD==(unsigned long)
mwROUNDALLOC==4 sizeof(mwData)==32 mwDataSize==32

statistics: now collecting on a line basis
Hello world!
underflow: <5> test.c(62), 200 bytes alloc'd at <4> test.c(60)
relink: <7> test.c(66) attempting to repair MW-0x8051638...
relink: MW-0x8051638 is the head (first) allocation
relink: successful, no allocations lost
assert trap: <8> test.c(69), 1==2
assert trap: <8> IGNORED - execution continues
limit: old limit = none, new limit = 1000000 bytes
grabbed: all allowed memory to no-mans-land (976 kb)
Killing byte at 0x805d9ac
Killing byte at 0x8058b8c
Killing byte at 0x8051a44
Killing byte at 0x80515f8
check: <8> test.c(95), checking chain alloc nomansland 
check: <8> test.c(95), complete; no errors
internal: <10> test.c(105), checksum for MW-0x81474b8 is incorrect
overflow: <10> test.c(105), 0 bytes alloc'd at <9> test.c(131169)
internal: <10> test.c(107), no-mans-land MW-0x81474b8 is corrupted
realloc: <10> test.c(107), 0x81474dc was freed from test.c(105)
WILD free: <11> test.c(110), unknown pointer 0x804897c

Stopped at Thu Aug 26 03:40:39 2004

wild pointer: <11> no-mans-land memory hit at 0x805d9ac
wild pointer: <11> no-mans-land memory hit at 0x8058b8c
dropped: all no-mans-land memory (975 kb)
internal: the grab list is not empty after mwDropAll()
unfreed: <3> test.c(59), 20 bytes at 0x805103c  	{FE FE FE FE FE FE FE FE FE FE FE FE FE FE FE FE ................}

Memory usage statistics (global):
 N)umber of allocations made: 5
 L)argest memory usage      : 12020
 T)otal of all alloc() calls: 12530
 U)nfreed bytes totals      : 12020

Memory usage statistics (detailed):
 Module/Line                                Number   Largest  Total    Unfreed 
 test.c                                     5        12020    12530    12020   
  131169                                    0        0        0        0       
  97                                        1        12000    12000    12000   
  64                                        1        100      100      0       
  60                                        1        200      200      0       
  59                                        1        20       20       20      
  57                                        1        210      210      0       
